빌드 시작: 2018-08-05 오후 9:56:43
     1>2 노드의 "C:\Users\WSH\Desktop\18년_2학기\2018년_2학기\삼성DS_육목알고리즘\SamsungGo_AI_Code_C_C++\SamsungGo_AI_Code_배포\SamsungGo_AI_Code_배포.vcxproj" 프로젝트(Build 대상)입니다.
     1>ClCompile:
         C:\Program Files (x86)\Microsoft Visual Studio 12.0\VC\bin\CL.exe /c /AI"C:\Program Files (x86)\Reference Assemblies\Microsoft\Framework\.NETFramework\v4.5\\" /AI"C:\Program Files (x86)\Windows Kits\8.1\References\CommonConfiguration\Neutral" /AI"C:\Program Files (x86)\Reference Assemblies\Microsoft\Framework\.NETFramework\v4.5\Facades\\" /Zi /clr /nologo /W3 /WX- /O2 /Oy- /D WIN32 /D NDEBUG /D _UNICODE /D UNICODE /EHa /MD /GS /fp:precise /Zc:wchar_t /Zc:forScope /Fo"Release\\" /Fd"Release\vc120.pdb" /TP /FU"C:\Program Files (x86)\Reference Assemblies\Microsoft\Framework\.NETFramework\v4.5\mscorlib.dll" /analyze- /errorReport:prompt /clr:nostdlib AI_Algorithm_Code.cpp Connect6Algo.cpp
         AI_Algorithm_Code.cpp
     1>AI_Algorithm_Code.cpp(64): warning C4018: '>' : signed 또는 unsigned가 일치하지 않습니다.
         Connect6Algo.cpp
     1>Connect6Algo.cpp(67): warning C4018: '>' : signed 또는 unsigned가 일치하지 않습니다.
     1>Connect6Algo.cpp(197): warning C4996: 'fopen': This function or variable may be unsafe. Consider using fopen_s instead. To disable deprecation, use _CRT_SECURE_NO_WARNINGS. See online help for details.
                 C:\Program Files (x86)\Microsoft Visual Studio 12.0\VC\include\stdio.h(211) : 'fopen' 선언을 참조하십시오.
         코드를 생성하고 있습니다...
     1>c:\users\wsh\desktop\18년_2학기\2018년_2학기\삼성ds_육목알고리즘\samsunggo_ai_code_c_c++\samsunggo_ai_code_배포\connect6algo.cpp(38): warning C4793: 'setLine' : 함수가 네이티브로 컴파일되었습니다.
         	/clr에서는 vararg가 지원되지 않습니다.
     1>c:\users\wsh\desktop\18년_2학기\2018년_2학기\삼성ds_육목알고리즘\samsunggo_ai_code_c_c++\samsunggo_ai_code_배포\connect6algo.cpp(41): warning C4793: 'setLine' : 함수가 네이티브로 컴파일되었습니다.
         	관리 코드에서 지원되지 않는 내장 함수가 있습니다.
     1>c:\users\wsh\desktop\18년_2학기\2018년_2학기\삼성ds_육목알고리즘\samsunggo_ai_code_c_c++\samsunggo_ai_code_배포\connect6algo.cpp(45): warning C4793: 'setLine' : 함수가 네이티브로 컴파일되었습니다.
         	관리 코드에서 지원되지 않는 내장 함수가 있습니다.
       Link:
         C:\Program Files (x86)\Microsoft Visual Studio 12.0\VC\bin\link.exe /ERRORREPORT:PROMPT /OUT:"C:\Users\WSH\Desktop\18년_2학기\2018년_2학기\삼성DS_육목알고리즘\SamsungGo_AI_Code_C_C++\Release\SamsungGo_AI_Code_배포.exe" /INCREMENTAL:NO /NOLOGO /MANIFEST /MANIFESTUAC:"level='asInvoker' uiAccess='false'" /manifest:embed /DEBUG /PDB:"C:\Users\WSH\Desktop\18년_2학기\2018년_2학기\삼성DS_육목알고리즘\SamsungGo_AI_Code_C_C++\Release\SamsungGo_AI_Code_배포.pdb" /TLBID:1 /DYNAMICBASE /FIXED:NO /NXCOMPAT /MACHINE:X86 /SAFESEH Release\AI_Algorithm_Code.obj
         Release\Connect6Algo.obj
         "Release\.NETFramework,Version=v4.5.AssemblyAttributes.obj"
         SamsungGo_AI_Code_배포.vcxproj -> C:\Users\WSH\Desktop\18년_2학기\2018년_2학기\삼성DS_육목알고리즘\SamsungGo_AI_Code_C_C++\Release\SamsungGo_AI_Code_배포.exe
     1>"C:\Users\WSH\Desktop\18년_2학기\2018년_2학기\삼성DS_육목알고리즘\SamsungGo_AI_Code_C_C++\SamsungGo_AI_Code_배포\SamsungGo_AI_Code_배포.vcxproj" 프로젝트를 빌드했습니다(Build 대상).

빌드했습니다.

경과 시간: 00:00:02.77
